<?xml version="1.0" encoding="UTF-8"?>
<!-- Generated by org.testng.reporters.JUnitXMLReporter -->
<testsuite hostname="ZL-MU-MT-MAC139.local" name="Android_AppLaunch" tests="3" failures="2" timestamp="27 Nov 2020 12:28:42 GMT" time="274.037" errors="0">
  <testcase name="@AfterTest tearDownApp" time="0.0" classname="com.zee5.ApplicasterScripts.Android_AppLaunch">
    <failure type="org.openqa.selenium.WebDriverException" message="An unknown error has occurred
Build info: version: &amp;apos;3.141.59&amp;apos;, revision: &amp;apos;e82be7d358&amp;apos;, time: &amp;apos;2018-11-14T08:17:03&amp;apos;
System info: host: &amp;apos;ZL-MU-MT-MAC139.local&amp;apos;, ip: &amp;apos;fe80:0:0:0:cfa:3738:56b0:57f8%en0&amp;apos;, os.name: &amp;apos;Mac OS X&amp;apos;, os.arch: &amp;apos;x86_64&amp;apos;, os.version: &amp;apos;10.15.7&amp;apos;, java.version: &amp;apos;1.8.0_251&amp;apos;
Driver info: io.appium.java_client.android.AndroidDriver
Capabilities {app: /home/radmin/build/raid-dat..., appActivity: com.applicaster.componentsa..., appPackage: com.graymatrix.did, autoAcceptAlerts: true, automationName: uiautomator2, chromedriverPort: 30662, databaseEnabled: false, desired: {app: /home/radmin/build/raid-dat..., appActivity: com.applicaster.componentsa..., appPackage: com.graymatrix.did, autoAcceptAlerts: true, automationName: uiautomator2, chromedriverPort: 30662, deviceName: Android, fullReset: false, newCommandTimeout: 300, pCloudy_ApiKey: qfxsr6sws4b79wv2998wjn35, pCloudy_ApplicationName: Zee5.apk, pCloudy_DeviceManufacturer: Samsung, pCloudy_DeviceVersion: 8.1.0, pCloudy_DurationInMinutes: 5, pCloudy_EnableDeviceLogs: false, pCloudy_EnablePerformanceData: false, pCloudy_EnableVideo: false, pCloudy_Username: murali.appadi@zee.com, pCloudy_WildNet: false, platformName: android, systemPort: 30664, udid: 420060699b4c54f1}, deviceApiLevel: 27, deviceManufacturer: samsung, deviceModel: SM-G615F, deviceName: 420060699b4c54f1, deviceScreenDensity: 420, deviceScreenSize: 1080x1920, deviceUDID: 420060699b4c54f1, fullReset: false, javascriptEnabled: true, locationContextEnabled: false, networkConnectionEnabled: true, newCommandTimeout: 300, pCloudy_ApiKey: qfxsr6sws4b79wv2998wjn35, pCloudy_ApplicationName: Zee5.apk, pCloudy_DeviceManufacturer: Samsung, pCloudy_DeviceVersion: 8.1.0, pCloudy_DurationInMinutes: 5, pCloudy_EnableDeviceLogs: false, pCloudy_EnablePerformanceData: false, pCloudy_EnableVideo: false, pCloudy_Username: murali.appadi@zee.com, pCloudy_WildNet: false, pixelRatio: 2.625, platform: LINUX, platformName: Android, platformVersion: 8.1.0, statBarHeight: 63, systemPort: 30664, takesScreenshot: true, udid: 420060699b4c54f1, viewportRect: {height: 1857, left: 0, top: 63, width: 1080}, warnings: {}, webStorageEnabled: false}
Session ID: e0b61eb3-2a35-4aef-a02a-08c69a15385f">
      <![CDATA[org.openqa.selenium.WebDriverException: An unknown error has occurred
Build info: version: '3.141.59', revision: 'e82be7d358', time: '2018-11-14T08:17:03'
System info: host: 'ZL-MU-MT-MAC139.local', ip: 'fe80:0:0:0:cfa:3738:56b0:57f8%en0', os.name: 'Mac OS X', os.arch: 'x86_64', os.version: '10.15.7', java.version: '1.8.0_251'
Driver info: io.appium.java_client.android.AndroidDriver
Capabilities {app: /home/radmin/build/raid-dat..., appActivity: com.applicaster.componentsa..., appPackage: com.graymatrix.did, autoAcceptAlerts: true, automationName: uiautomator2, chromedriverPort: 30662, databaseEnabled: false, desired: {app: /home/radmin/build/raid-dat..., appActivity: com.applicaster.componentsa..., appPackage: com.graymatrix.did, autoAcceptAlerts: true, automationName: uiautomator2, chromedriverPort: 30662, deviceName: Android, fullReset: false, newCommandTimeout: 300, pCloudy_ApiKey: qfxsr6sws4b79wv2998wjn35, pCloudy_ApplicationName: Zee5.apk, pCloudy_DeviceManufacturer: Samsung, pCloudy_DeviceVersion: 8.1.0, pCloudy_DurationInMinutes: 5, pCloudy_EnableDeviceLogs: false, pCloudy_EnablePerformanceData: false, pCloudy_EnableVideo: false, pCloudy_Username: murali.appadi@zee.com, pCloudy_WildNet: false, platformName: android, systemPort: 30664, udid: 420060699b4c54f1}, deviceApiLevel: 27, deviceManufacturer: samsung, deviceModel: SM-G615F, deviceName: 420060699b4c54f1, deviceScreenDensity: 420, deviceScreenSize: 1080x1920, deviceUDID: 420060699b4c54f1, fullReset: false, javascriptEnabled: true, locationContextEnabled: false, networkConnectionEnabled: true, newCommandTimeout: 300, pCloudy_ApiKey: qfxsr6sws4b79wv2998wjn35, pCloudy_ApplicationName: Zee5.apk, pCloudy_DeviceManufacturer: Samsung, pCloudy_DeviceVersion: 8.1.0, pCloudy_DurationInMinutes: 5, pCloudy_EnableDeviceLogs: false, pCloudy_EnablePerformanceData: false, pCloudy_EnableVideo: false, pCloudy_Username: murali.appadi@zee.com, pCloudy_WildNet: false, pixelRatio: 2.625, platform: LINUX, platformName: Android, platformVersion: 8.1.0, statBarHeight: 63, systemPort: 30664, takesScreenshot: true, udid: 420060699b4c54f1, viewportRect: {height: 1857, left: 0, top: 63, width: 1080}, warnings: {}, webStorageEnabled: false}
Session ID: e0b61eb3-2a35-4aef-a02a-08c69a15385f
	at org.openqa.selenium.remote.http.W3CHttpResponseCodec.createException(W3CHttpResponseCodec.java:187)
	at org.openqa.selenium.remote.http.W3CHttpResponseCodec.decode(W3CHttpResponseCodec.java:122)
	at org.openqa.selenium.remote.http.W3CHttpResponseCodec.decode(W3CHttpResponseCodec.java:49)
	at org.openqa.selenium.remote.HttpCommandExecutor.execute(HttpCommandExecutor.java:158)
	at io.appium.java_client.remote.AppiumCommandExecutor.execute(AppiumCommandExecutor.java:239)
	at org.openqa.selenium.remote.RemoteWebDriver.execute(RemoteWebDriver.java:552)
	at io.appium.java_client.DefaultGenericMobileDriver.execute(DefaultGenericMobileDriver.java:45)
	at io.appium.java_client.AppiumDriver.execute(AppiumDriver.java:1)
	at io.appium.java_client.android.AndroidDriver.execute(AndroidDriver.java:1)
	at org.openqa.selenium.remote.RemoteWebDriver.quit(RemoteWebDriver.java:452)
	at com.business.zee.Zee5ApplicasterBusinessLogic.tearDown(Zee5ApplicasterBusinessLogic.java:132)
	at com.zee5.ApplicasterScripts.Android_AppLaunch.tearDownApp(Android_AppLaunch.java:58)
... Removed 26 stack frames]]>
    </failure>
  </testcase> <!-- @AfterTest tearDownApp -->
  <testcase name="accessDeviceLocation" time="30.545" classname="com.zee5.ApplicasterScripts.Android_AppLaunch"/>
  <testcase name="Login" time="132.909" classname="com.zee5.ApplicasterScripts.Android_AppLaunch">
    <failure type="org.openqa.selenium.WebDriverException" message="An unknown error has occurred
Build info: version: &amp;apos;3.141.59&amp;apos;, revision: &amp;apos;e82be7d358&amp;apos;, time: &amp;apos;2018-11-14T08:17:03&amp;apos;
System info: host: &amp;apos;ZL-MU-MT-MAC139.local&amp;apos;, ip: &amp;apos;fe80:0:0:0:cfa:3738:56b0:57f8%en0&amp;apos;, os.name: &amp;apos;Mac OS X&amp;apos;, os.arch: &amp;apos;x86_64&amp;apos;, os.version: &amp;apos;10.15.7&amp;apos;, java.version: &amp;apos;1.8.0_251&amp;apos;
Driver info: io.appium.java_client.android.AndroidDriver
Capabilities {app: /home/radmin/build/raid-dat..., appActivity: com.applicaster.componentsa..., appPackage: com.graymatrix.did, autoAcceptAlerts: true, automationName: uiautomator2, chromedriverPort: 30662, databaseEnabled: false, desired: {app: /home/radmin/build/raid-dat..., appActivity: com.applicaster.componentsa..., appPackage: com.graymatrix.did, autoAcceptAlerts: true, automationName: uiautomator2, chromedriverPort: 30662, deviceName: Android, fullReset: false, newCommandTimeout: 300, pCloudy_ApiKey: qfxsr6sws4b79wv2998wjn35, pCloudy_ApplicationName: Zee5.apk, pCloudy_DeviceManufacturer: Samsung, pCloudy_DeviceVersion: 8.1.0, pCloudy_DurationInMinutes: 5, pCloudy_EnableDeviceLogs: false, pCloudy_EnablePerformanceData: false, pCloudy_EnableVideo: false, pCloudy_Username: murali.appadi@zee.com, pCloudy_WildNet: false, platformName: android, systemPort: 30664, udid: 420060699b4c54f1}, deviceApiLevel: 27, deviceManufacturer: samsung, deviceModel: SM-G615F, deviceName: 420060699b4c54f1, deviceScreenDensity: 420, deviceScreenSize: 1080x1920, deviceUDID: 420060699b4c54f1, fullReset: false, javascriptEnabled: true, locationContextEnabled: false, networkConnectionEnabled: true, newCommandTimeout: 300, pCloudy_ApiKey: qfxsr6sws4b79wv2998wjn35, pCloudy_ApplicationName: Zee5.apk, pCloudy_DeviceManufacturer: Samsung, pCloudy_DeviceVersion: 8.1.0, pCloudy_DurationInMinutes: 5, pCloudy_EnableDeviceLogs: false, pCloudy_EnablePerformanceData: false, pCloudy_EnableVideo: false, pCloudy_Username: murali.appadi@zee.com, pCloudy_WildNet: false, pixelRatio: 2.625, platform: LINUX, platformName: Android, platformVersion: 8.1.0, statBarHeight: 63, systemPort: 30664, takesScreenshot: true, udid: 420060699b4c54f1, viewportRect: {height: 1857, left: 0, top: 63, width: 1080}, warnings: {}, webStorageEnabled: false}
Session ID: e0b61eb3-2a35-4aef-a02a-08c69a15385f">
      <![CDATA[org.openqa.selenium.WebDriverException: An unknown error has occurred
Build info: version: '3.141.59', revision: 'e82be7d358', time: '2018-11-14T08:17:03'
System info: host: 'ZL-MU-MT-MAC139.local', ip: 'fe80:0:0:0:cfa:3738:56b0:57f8%en0', os.name: 'Mac OS X', os.arch: 'x86_64', os.version: '10.15.7', java.version: '1.8.0_251'
Driver info: io.appium.java_client.android.AndroidDriver
Capabilities {app: /home/radmin/build/raid-dat..., appActivity: com.applicaster.componentsa..., appPackage: com.graymatrix.did, autoAcceptAlerts: true, automationName: uiautomator2, chromedriverPort: 30662, databaseEnabled: false, desired: {app: /home/radmin/build/raid-dat..., appActivity: com.applicaster.componentsa..., appPackage: com.graymatrix.did, autoAcceptAlerts: true, automationName: uiautomator2, chromedriverPort: 30662, deviceName: Android, fullReset: false, newCommandTimeout: 300, pCloudy_ApiKey: qfxsr6sws4b79wv2998wjn35, pCloudy_ApplicationName: Zee5.apk, pCloudy_DeviceManufacturer: Samsung, pCloudy_DeviceVersion: 8.1.0, pCloudy_DurationInMinutes: 5, pCloudy_EnableDeviceLogs: false, pCloudy_EnablePerformanceData: false, pCloudy_EnableVideo: false, pCloudy_Username: murali.appadi@zee.com, pCloudy_WildNet: false, platformName: android, systemPort: 30664, udid: 420060699b4c54f1}, deviceApiLevel: 27, deviceManufacturer: samsung, deviceModel: SM-G615F, deviceName: 420060699b4c54f1, deviceScreenDensity: 420, deviceScreenSize: 1080x1920, deviceUDID: 420060699b4c54f1, fullReset: false, javascriptEnabled: true, locationContextEnabled: false, networkConnectionEnabled: true, newCommandTimeout: 300, pCloudy_ApiKey: qfxsr6sws4b79wv2998wjn35, pCloudy_ApplicationName: Zee5.apk, pCloudy_DeviceManufacturer: Samsung, pCloudy_DeviceVersion: 8.1.0, pCloudy_DurationInMinutes: 5, pCloudy_EnableDeviceLogs: false, pCloudy_EnablePerformanceData: false, pCloudy_EnableVideo: false, pCloudy_Username: murali.appadi@zee.com, pCloudy_WildNet: false, pixelRatio: 2.625, platform: LINUX, platformName: Android, platformVersion: 8.1.0, statBarHeight: 63, systemPort: 30664, takesScreenshot: true, udid: 420060699b4c54f1, viewportRect: {height: 1857, left: 0, top: 63, width: 1080}, warnings: {}, webStorageEnabled: false}
Session ID: e0b61eb3-2a35-4aef-a02a-08c69a15385f
	at org.openqa.selenium.remote.http.W3CHttpResponseCodec.createException(W3CHttpResponseCodec.java:187)
	at org.openqa.selenium.remote.http.W3CHttpResponseCodec.decode(W3CHttpResponseCodec.java:122)
	at org.openqa.selenium.remote.http.W3CHttpResponseCodec.decode(W3CHttpResponseCodec.java:49)
	at org.openqa.selenium.remote.HttpCommandExecutor.execute(HttpCommandExecutor.java:158)
	at io.appium.java_client.remote.AppiumCommandExecutor.execute(AppiumCommandExecutor.java:239)
	at org.openqa.selenium.remote.RemoteWebDriver.execute(RemoteWebDriver.java:552)
	at io.appium.java_client.DefaultGenericMobileDriver.execute(DefaultGenericMobileDriver.java:45)
	at io.appium.java_client.AppiumDriver.execute(AppiumDriver.java:1)
	at io.appium.java_client.android.AndroidDriver.execute(AndroidDriver.java:1)
	at org.openqa.selenium.remote.RemoteWebDriver.getScreenshotAs(RemoteWebDriver.java:295)
	at com.extent.ExtentReporter.initExtentDriver(ExtentReporter.java:97)
	at com.extent.ExtentReporter.screencapture(ExtentReporter.java:227)
	at com.extent.ExtentReporter.extentLoggerFail(ExtentReporter.java:192)
	at com.utility.Utilities.verifyElementPresentAndClick(Utilities.java:294)
	at com.business.zee.Zee5ApplicasterBusinessLogic.ZeeApplicasterLogin(Zee5ApplicasterBusinessLogic.java:2726)
	at com.zee5.ApplicasterScripts.Android_AppLaunch.Login(Android_AppLaunch.java:37)
... Removed 28 stack frames]]>
    </failure>
  </testcase> <!-- Login -->
  <testcase name="Login" time="133.004" classname="com.zee5.ApplicasterScripts.Android_AppLaunch">
    <failure type="org.openqa.selenium.WebDriverException" message="An unknown error has occurred
Build info: version: &amp;apos;3.141.59&amp;apos;, revision: &amp;apos;e82be7d358&amp;apos;, time: &amp;apos;2018-11-14T08:17:03&amp;apos;
System info: host: &amp;apos;ZL-MU-MT-MAC139.local&amp;apos;, ip: &amp;apos;fe80:0:0:0:cfa:3738:56b0:57f8%en0&amp;apos;, os.name: &amp;apos;Mac OS X&amp;apos;, os.arch: &amp;apos;x86_64&amp;apos;, os.version: &amp;apos;10.15.7&amp;apos;, java.version: &amp;apos;1.8.0_251&amp;apos;
Driver info: io.appium.java_client.android.AndroidDriver
Capabilities {app: /home/radmin/build/raid-dat..., appActivity: com.applicaster.componentsa..., appPackage: com.graymatrix.did, autoAcceptAlerts: true, automationName: uiautomator2, chromedriverPort: 30662, databaseEnabled: false, desired: {app: /home/radmin/build/raid-dat..., appActivity: com.applicaster.componentsa..., appPackage: com.graymatrix.did, autoAcceptAlerts: true, automationName: uiautomator2, chromedriverPort: 30662, deviceName: Android, fullReset: false, newCommandTimeout: 300, pCloudy_ApiKey: qfxsr6sws4b79wv2998wjn35, pCloudy_ApplicationName: Zee5.apk, pCloudy_DeviceManufacturer: Samsung, pCloudy_DeviceVersion: 8.1.0, pCloudy_DurationInMinutes: 5, pCloudy_EnableDeviceLogs: false, pCloudy_EnablePerformanceData: false, pCloudy_EnableVideo: false, pCloudy_Username: murali.appadi@zee.com, pCloudy_WildNet: false, platformName: android, systemPort: 30664, udid: 420060699b4c54f1}, deviceApiLevel: 27, deviceManufacturer: samsung, deviceModel: SM-G615F, deviceName: 420060699b4c54f1, deviceScreenDensity: 420, deviceScreenSize: 1080x1920, deviceUDID: 420060699b4c54f1, fullReset: false, javascriptEnabled: true, locationContextEnabled: false, networkConnectionEnabled: true, newCommandTimeout: 300, pCloudy_ApiKey: qfxsr6sws4b79wv2998wjn35, pCloudy_ApplicationName: Zee5.apk, pCloudy_DeviceManufacturer: Samsung, pCloudy_DeviceVersion: 8.1.0, pCloudy_DurationInMinutes: 5, pCloudy_EnableDeviceLogs: false, pCloudy_EnablePerformanceData: false, pCloudy_EnableVideo: false, pCloudy_Username: murali.appadi@zee.com, pCloudy_WildNet: false, pixelRatio: 2.625, platform: LINUX, platformName: Android, platformVersion: 8.1.0, statBarHeight: 63, systemPort: 30664, takesScreenshot: true, udid: 420060699b4c54f1, viewportRect: {height: 1857, left: 0, top: 63, width: 1080}, warnings: {}, webStorageEnabled: false}
Session ID: e0b61eb3-2a35-4aef-a02a-08c69a15385f">
      <![CDATA[org.openqa.selenium.WebDriverException: An unknown error has occurred
Build info: version: '3.141.59', revision: 'e82be7d358', time: '2018-11-14T08:17:03'
System info: host: 'ZL-MU-MT-MAC139.local', ip: 'fe80:0:0:0:cfa:3738:56b0:57f8%en0', os.name: 'Mac OS X', os.arch: 'x86_64', os.version: '10.15.7', java.version: '1.8.0_251'
Driver info: io.appium.java_client.android.AndroidDriver
Capabilities {app: /home/radmin/build/raid-dat..., appActivity: com.applicaster.componentsa..., appPackage: com.graymatrix.did, autoAcceptAlerts: true, automationName: uiautomator2, chromedriverPort: 30662, databaseEnabled: false, desired: {app: /home/radmin/build/raid-dat..., appActivity: com.applicaster.componentsa..., appPackage: com.graymatrix.did, autoAcceptAlerts: true, automationName: uiautomator2, chromedriverPort: 30662, deviceName: Android, fullReset: false, newCommandTimeout: 300, pCloudy_ApiKey: qfxsr6sws4b79wv2998wjn35, pCloudy_ApplicationName: Zee5.apk, pCloudy_DeviceManufacturer: Samsung, pCloudy_DeviceVersion: 8.1.0, pCloudy_DurationInMinutes: 5, pCloudy_EnableDeviceLogs: false, pCloudy_EnablePerformanceData: false, pCloudy_EnableVideo: false, pCloudy_Username: murali.appadi@zee.com, pCloudy_WildNet: false, platformName: android, systemPort: 30664, udid: 420060699b4c54f1}, deviceApiLevel: 27, deviceManufacturer: samsung, deviceModel: SM-G615F, deviceName: 420060699b4c54f1, deviceScreenDensity: 420, deviceScreenSize: 1080x1920, deviceUDID: 420060699b4c54f1, fullReset: false, javascriptEnabled: true, locationContextEnabled: false, networkConnectionEnabled: true, newCommandTimeout: 300, pCloudy_ApiKey: qfxsr6sws4b79wv2998wjn35, pCloudy_ApplicationName: Zee5.apk, pCloudy_DeviceManufacturer: Samsung, pCloudy_DeviceVersion: 8.1.0, pCloudy_DurationInMinutes: 5, pCloudy_EnableDeviceLogs: false, pCloudy_EnablePerformanceData: false, pCloudy_EnableVideo: false, pCloudy_Username: murali.appadi@zee.com, pCloudy_WildNet: false, pixelRatio: 2.625, platform: LINUX, platformName: Android, platformVersion: 8.1.0, statBarHeight: 63, systemPort: 30664, takesScreenshot: true, udid: 420060699b4c54f1, viewportRect: {height: 1857, left: 0, top: 63, width: 1080}, warnings: {}, webStorageEnabled: false}
Session ID: e0b61eb3-2a35-4aef-a02a-08c69a15385f
	at org.openqa.selenium.remote.http.W3CHttpResponseCodec.createException(W3CHttpResponseCodec.java:187)
	at org.openqa.selenium.remote.http.W3CHttpResponseCodec.decode(W3CHttpResponseCodec.java:122)
	at org.openqa.selenium.remote.http.W3CHttpResponseCodec.decode(W3CHttpResponseCodec.java:49)
	at org.openqa.selenium.remote.HttpCommandExecutor.execute(HttpCommandExecutor.java:158)
	at io.appium.java_client.remote.AppiumCommandExecutor.execute(AppiumCommandExecutor.java:239)
	at org.openqa.selenium.remote.RemoteWebDriver.execute(RemoteWebDriver.java:552)
	at io.appium.java_client.DefaultGenericMobileDriver.execute(DefaultGenericMobileDriver.java:45)
	at io.appium.java_client.AppiumDriver.execute(AppiumDriver.java:1)
	at io.appium.java_client.android.AndroidDriver.execute(AndroidDriver.java:1)
	at org.openqa.selenium.remote.RemoteWebDriver.getScreenshotAs(RemoteWebDriver.java:295)
	at com.extent.ExtentReporter.initExtentDriver(ExtentReporter.java:97)
	at com.extent.ExtentReporter.screencapture(ExtentReporter.java:227)
	at com.extent.ExtentReporter.onTestFailure(ExtentReporter.java:160)
... Removed 25 stack frames]]>
    </failure>
  </testcase> <!-- Login -->
</testsuite> <!-- Android_AppLaunch -->
